2026-02-09 16:04:51 INFO  o.h.validator.internal.util.Version - HV000001: Hibernate Validator 8.0.3.Final
2026-02-09 16:04:51 INFO  r.i.d.DocumentServiceApplication - Starting DocumentServiceApplication using Java 17.0.11 with PID 34012 (D:\JAVA\MyJava\ForInterview\doc-service\document-service\target\classes started by rexar.ika in D:\JAVA\MyJava\ForInterview\doc-service)
2026-02-09 16:04:51 INFO  r.i.d.DocumentServiceApplication - No active profile set, falling back to 1 default profile: "default"
2026-02-09 16:04:52 INFO  o.s.d.r.c.RepositoryConfigurationDelegate - Bootstrapping Spring Data JPA repositories in DEFAULT mode.
2026-02-09 16:04:52 INFO  o.s.d.r.c.RepositoryConfigurationDelegate - Finished Spring Data repository scanning in 46 ms. Found 5 JPA repository interfaces.
2026-02-09 16:04:52 INFO  o.s.b.w.e.tomcat.TomcatWebServer - Tomcat initialized with port 8080 (http)
2026-02-09 16:04:52 INFO  o.a.coyote.http11.Http11NioProtocol - Initializing ProtocolHandler ["http-nio-8080"]
2026-02-09 16:04:52 INFO  o.a.catalina.core.StandardService - Starting service [Tomcat]
2026-02-09 16:04:52 INFO  o.a.catalina.core.StandardEngine - Starting Servlet engine: [Apache Tomcat/10.1.49]
2026-02-09 16:04:52 INFO  o.a.c.c.C.[Tomcat].[localhost].[/] - Initializing Spring embedded WebApplicationContext
2026-02-09 16:04:52 INFO  o.s.b.w.s.c.ServletWebServerApplicationContext - Root WebApplicationContext: initialization completed in 737 ms
2026-02-09 16:04:52 INFO  com.zaxxer.hikari.HikariDataSource - HikariPool-1 - Starting...
2026-02-09 16:04:52 INFO  com.zaxxer.hikari.pool.HikariPool - HikariPool-1 - Added connection org.postgresql.jdbc.PgConnection@4fea840f
2026-02-09 16:04:52 INFO  com.zaxxer.hikari.HikariDataSource - HikariPool-1 - Start completed.
2026-02-09 16:04:52 INFO  liquibase.database - Set default schema name to public
2026-02-09 16:04:52 INFO  liquibase.changelog - Reading from public.databasechangelog
2026-02-09 16:04:53 INFO  liquibase.lockservice - Successfully acquired change log lock
2026-02-09 16:04:53 INFO  liquibase.command - Using deploymentId: 0642292518
2026-02-09 16:04:53 INFO  liquibase.changelog - Reading from public.databasechangelog
2026-02-09 16:04:53 INFO  liquibase.ui - Running Changeset: db/changelog/003-add-indexes.yaml::003-add-document-search-indexes::itq
2026-02-09 16:04:53 INFO  liquibase.changelog - Index idx_document_status created
2026-02-09 16:04:53 INFO  liquibase.changelog - Index idx_document_author created
2026-02-09 16:04:53 INFO  liquibase.changelog - Index idx_document_created_at created
2026-02-09 16:04:53 INFO  liquibase.changelog - ChangeSet db/changelog/003-add-indexes.yaml::003-add-document-search-indexes::itq ran successfully in 41ms
2026-02-09 16:04:53 INFO  liquibase.util - UPDATE SUMMARY
2026-02-09 16:04:53 INFO  liquibase.util - Run:                          1
2026-02-09 16:04:53 INFO  liquibase.util - Previously run:               2
2026-02-09 16:04:53 INFO  liquibase.util - Filtered out:                 0
2026-02-09 16:04:53 INFO  liquibase.util - -------------------------------
2026-02-09 16:04:53 INFO  liquibase.util - Total change sets:            3
2026-02-09 16:04:53 INFO  liquibase.util - Update summary generated
2026-02-09 16:04:53 INFO  liquibase.command - Update command completed successfully.
2026-02-09 16:04:53 INFO  liquibase.ui - Liquibase: Update has been successful. Rows affected: 1
2026-02-09 16:04:53 INFO  liquibase.lockservice - Successfully released change log lock
2026-02-09 16:04:53 INFO  liquibase.command - Command execution complete
2026-02-09 16:04:53 INFO  o.h.jpa.internal.util.LogHelper - HHH000204: Processing PersistenceUnitInfo [name: default]
2026-02-09 16:04:53 INFO  org.hibernate.Version - HHH000412: Hibernate ORM core version 6.6.36.Final
2026-02-09 16:04:53 INFO  o.h.c.i.RegionFactoryInitiator - HHH000026: Second-level cache disabled
2026-02-09 16:04:53 INFO  o.s.o.j.p.SpringPersistenceUnitInfo - No LoadTimeWeaver setup: ignoring JPA class transformer
2026-02-09 16:04:53 INFO  o.hibernate.orm.connections.pooling - HHH10001005: Database info:
	Database JDBC URL [Connecting through datasource 'HikariDataSource (HikariPool-1)']
	Database driver: undefined/unknown
	Database version: 17.4
	Autocommit mode: undefined/unknown
	Isolation level: undefined/unknown
	Minimum pool size: undefined/unknown
	Maximum pool size: undefined/unknown
2026-02-09 16:04:54 INFO  o.h.e.t.j.p.i.JtaPlatformInitiator - HHH000489: No JTA platform available (set 'hibernate.transaction.jta.platform' to enable JTA platform integration)
2026-02-09 16:04:54 INFO  o.s.o.j.LocalContainerEntityManagerFactoryBean - Initialized JPA EntityManagerFactory for persistence unit 'default'
2026-02-09 16:04:54 INFO  o.s.d.j.r.query.QueryEnhancerFactory - Hibernate is in classpath; If applicable, HQL parser will be used.
2026-02-09 16:04:55 INFO  o.a.coyote.http11.Http11NioProtocol - Starting ProtocolHandler ["http-nio-8080"]
2026-02-09 16:04:55 INFO  o.s.b.w.e.tomcat.TomcatWebServer - Tomcat started on port 8080 (http) with context path '/'
2026-02-09 16:04:55 INFO  r.i.d.DocumentServiceApplication - Started DocumentServiceApplication in 3.758 seconds (process running for 4.134)
2026-02-09 16:04:55 INFO  r.itq.document.worker.ApproveWorker - event=approve_worker_empty_batch timeMs=63
2026-02-09 16:04:55 INFO  ru.itq.document.worker.SubmitWorker - event=submit_worker_empty_batch timeMs=2
2026-02-09 16:05:00 INFO  r.itq.document.worker.ApproveWorker - event=approve_worker_empty_batch timeMs=2
2026-02-09 16:05:00 INFO  ru.itq.document.worker.SubmitWorker - event=submit_worker_empty_batch timeMs=1
2026-02-09 16:05:05 INFO  r.itq.document.worker.ApproveWorker - event=approve_worker_empty_batch timeMs=0
2026-02-09 16:05:05 INFO  ru.itq.document.worker.SubmitWorker - event=submit_worker_empty_batch timeMs=1
2026-02-09 16:05:10 INFO  r.itq.document.worker.ApproveWorker - event=approve_worker_empty_batch timeMs=1
2026-02-09 16:05:10 INFO  ru.itq.document.worker.SubmitWorker - event=submit_worker_empty_batch timeMs=0
2026-02-09 16:05:15 INFO  r.itq.document.worker.ApproveWorker - event=approve_worker_empty_batch timeMs=1
2026-02-09 16:05:15 INFO  ru.itq.document.worker.SubmitWorker - event=submit_worker_empty_batch timeMs=1
2026-02-09 16:05:20 INFO  r.itq.document.worker.ApproveWorker - event=approve_worker_empty_batch timeMs=0
2026-02-09 16:05:20 INFO  ru.itq.document.worker.SubmitWorker - event=submit_worker_empty_batch timeMs=1
2026-02-09 16:05:23 INFO  o.s.b.w.e.tomcat.GracefulShutdown - Commencing graceful shutdown. Waiting for active requests to complete
2026-02-09 16:05:23 INFO  o.s.b.w.e.tomcat.GracefulShutdown - Graceful shutdown complete
2026-02-09 16:05:23 INFO  o.s.o.j.LocalContainerEntityManagerFactoryBean - Closing JPA EntityManagerFactory for persistence unit 'default'
2026-02-09 16:05:23 INFO  com.zaxxer.hikari.HikariDataSource - HikariPool-1 - Shutdown initiated...
2026-02-09 16:05:23 INFO  com.zaxxer.hikari.HikariDataSource - HikariPool-1 - Shutdown completed.
